#
# A fatal error has been detected by the Java Runtime Environment:
#
#  EXCEPTION_ACCESS_VIOLATION (0xc0000005) at pc=0x000000005dcb3a82, pid=10260, tid=0x000000000000091c
#
# JRE version: OpenJDK Runtime Environment (8.0_202-b03) (build 1.8.0_202-release-1483-b03)
# Java VM: OpenJDK 64-Bit Server VM (25.202-b03 mixed mode windows-amd64 compressed oops)
# Problematic frame:
# V  [jvm.dll+0x433a82]
#
# Failed to write core dump. Minidumps are not enabled by default on client versions of Windows
#
# If you would like to submit a bug report, please visit:
#   http://bugreport.java.com/bugreport/crash.jsp
#

---------------  T H R E A D  ---------------

Current thread (0x0000000018aaf800):  JavaThread "C2 CompilerThread1" daemon [_thread_in_native, id=2332, stack(0x0000000019470000,0x0000000019570000)]

siginfo: ExceptionCode=0xc0000005, reading address 0x0000000000000010

Registers:
RAX=0x0000000000000000, RBX=0x000000001f51d8f0, RCX=0x0000000000000008, RDX=0x000000000000024d
RSP=0x000000001956c070, RBP=0xffffffffffffffff, RSI=0x000000001c793f70, RDI=0x000000001a8bba90
R8 =0x0000000000000000, R9 =0x0000000000000001, R10=0x000000001d1023e0, R11=0x000000001f50d740
R12=0x000000001956c480, R13=0x0000000000000000, R14=0x000000005d880000, R15=0x0000000000000001
RIP=0x000000005dcb3a82, EFLAGS=0x0000000000010206

Top of Stack: (sp=0x000000001956c070)
0x000000001956c070:   000000001e85ccf0 0000000016c95f10
0x000000001956c080:   0000000019ac5ca0 0000000000070518
0x000000001956c090:   0000000100000001 000000001a8bba90
0x000000001956c0a0:   0000000000000048 0000000000000001
0x000000001956c0b0:   0000000000000000 0000000000000000
0x000000001956c0c0:   000000001956c190 00000000000003d8
0x000000001956c0d0:   000000001e85d0d8 000000001e85cd00
0x000000001956c0e0:   000000001956c210 0000000000000000
0x000000001956c0f0:   000000001956c480 000000001e85ccf0
0x000000001956c100:   000000001956c590 000000005dcb6d69
0x000000001956c110:   000000001956c480 000000001956c201
0x000000001956c120:   00000000ffffffff 0000000000000009
0x000000001956c130:   0000000000000006 000000001e85ccf0
0x000000001956c140:   000000001f50d730 000000001f51eed0
0x000000001956c150:   000000001f51eed0 000000000002aac8
0x000000001956c160:   0000000000000006 0000000019d46b80 

Instructions: (pc=0x000000005dcb3a82)
0x000000005dcb3a62:   49 8b 44 24 70 48 6b c9 70 48 03 48 20 81 49 68
0x000000005dcb3a72:   00 10 00 00 48 8b 06 48 8b ce ff 50 28 4c 8b e8
0x000000005dcb3a82:   8b 48 10 83 f9 1a 74 0f 83 f9 1b 74 0a 83 f9 1d
0x000000005dcb3a92:   74 05 83 f9 1e 75 04 83 4b 68 02 8b 4e 28 8b c1 


Register to memory mapping:

RAX=0x0000000000000000 is an unknown value
RBX=0x000000001f51d8f0 is an unknown value
RCX=0x0000000000000008 is an unknown value
RDX=0x000000000000024d is an unknown value
RSP=0x000000001956c070 is pointing into the stack for thread: 0x0000000018aaf800
RBP=0xffffffffffffffff is an unknown value
RSI=0x000000001c793f70 is an unknown value
RDI=0x000000001a8bba90 is an unknown value
R8 =0x0000000000000000 is an unknown value
R9 =0x0000000000000001 is an unknown value
R10=0x000000001d1023e0 is an unknown value
R11=0x000000001f50d740 is an unknown value
R12=0x000000001956c480 is pointing into the stack for thread: 0x0000000018aaf800
R13=0x0000000000000000 is an unknown value
R14=0x000000005d880000 is an unknown value
R15=0x0000000000000001 is an unknown value


Stack: [0x0000000019470000,0x0000000019570000],  sp=0x000000001956c070,  free space=1008k
Native frames: (J=compiled Java code, j=interpreted, Vv=VM code, C=native code)
V  [jvm.dll+0x433a82]
V  [jvm.dll+0x436d69]
V  [jvm.dll+0x4419bb]
V  [jvm.dll+0x4442b8]
V  [jvm.dll+0x4273d2]
V  [jvm.dll+0x8215f]
V  [jvm.dll+0x82abf]
V  [jvm.dll+0x21db7f]
V  [jvm.dll+0x26f5ba]
C  [msvcr100.dll+0x21d9f]
C  [msvcr100.dll+0x21e3b]
C  [KERNEL32.DLL+0x14034]
C  [ntdll.dll+0x73691]


Current CompileTask:
C2:  28336 4483       4       com.sun.org.apache.xerces.internal.impl.XMLEntityScanner::scanLiteral (755 bytes)


---------------  P R O C E S S  ---------------

Java Threads: ( => current thread )
  0x000000001cb5c800 JavaThread "Cache worker for Build Output Cleanup Cache (E:\Pooja\AndroidStudioProjects\SpeakToText\.gradle\buildOutputCleanup)" [_thread_blocked, id=13180, stack(0x0000000021990000,0x0000000021a90000)]
  0x000000001cb57800 JavaThread "pool-1-thread-1" [_thread_blocked, id=9296, stack(0x0000000021690000,0x0000000021790000)]
  0x000000001cb54000 JavaThread "Build operations Thread 8" [_thread_blocked, id=5588, stack(0x0000000021390000,0x0000000021490000)]
  0x000000001cb52800 JavaThread "Build operations Thread 7" [_thread_blocked, id=7780, stack(0x0000000021290000,0x0000000021390000)]
  0x000000001cb53000 JavaThread "Build operations Thread 6" [_thread_blocked, id=4140, stack(0x0000000021190000,0x0000000021290000)]
  0x000000001cb50000 JavaThread "Build operations Thread 5" [_thread_blocked, id=3464, stack(0x0000000021090000,0x0000000021190000)]
  0x000000001cb51800 JavaThread "Build operations Thread 4" [_thread_blocked, id=5164, stack(0x0000000020f90000,0x0000000021090000)]
  0x000000001cb51000 JavaThread "Build operations Thread 3" [_thread_blocked, id=4760, stack(0x0000000020e90000,0x0000000020f90000)]
  0x000000001cb54800 JavaThread "Build operations Thread 2" [_thread_blocked, id=5020, stack(0x0000000020d90000,0x0000000020e90000)]
  0x000000001cb56000 JavaThread "Build operations" [_thread_blocked, id=4116, stack(0x0000000020830000,0x0000000020930000)]
  0x000000001a700000 JavaThread "Cache worker for execution history cache (C:\Users\Pooja\.gradle\caches\5.1.1\executionHistory)" [_thread_blocked, id=5312, stack(0x0000000020730000,0x0000000020830000)]
  0x000000001a6fe800 JavaThread "Cache worker for cache directory md-rule (C:\Users\Pooja\.gradle\caches\5.1.1\md-rule)" [_thread_blocked, id=9932, stack(0x0000000020630000,0x0000000020730000)]
  0x000000001a6fc800 JavaThread "Cache worker for cache directory md-supplier (C:\Users\Pooja\.gradle\caches\5.1.1\md-supplier)" [_thread_blocked, id=9256, stack(0x0000000020530000,0x0000000020630000)]
  0x000000001a6fb000 JavaThread "Cache worker for file hash cache (E:\Pooja\AndroidStudioProjects\SpeakToText\.gradle\5.1.1\fileHashes)" [_thread_blocked, id=9368, stack(0x000000001e860000,0x000000001e960000)]
  0x000000001a6fe000 JavaThread "Cache worker for journal cache (C:\Users\Pooja\.gradle\caches\journal-1)" [_thread_blocked, id=12680, stack(0x000000001c5c0000,0x000000001c6c0000)]
  0x000000001a028800 JavaThread "File lock request listener" [_thread_in_native, id=6664, stack(0x000000001c4c0000,0x000000001c5c0000)]
  0x0000000019e0a800 JavaThread "Cache worker for file hash cache (C:\Users\Pooja\.gradle\caches\5.1.1\fileHashes)" [_thread_blocked, id=3232, stack(0x000000001c3c0000,0x000000001c4c0000)]
  0x0000000019f27000 JavaThread "Thread-8" [_thread_blocked, id=7276, stack(0x000000001c2c0000,0x000000001c3c0000)]
  0x0000000019f49800 JavaThread "Stdin handler" [_thread_blocked, id=12860, stack(0x000000001c1c0000,0x000000001c2c0000)]
  0x0000000019f45800 JavaThread "Asynchronous log dispatcher for DefaultDaemonConnection: socket connection from /127.0.0.1:49948 to /127.0.0.1:49949" [_thread_blocked, id=7684, stack(0x000000001bfc0000,0x000000001c0c0000)]
  0x0000000018c91800 JavaThread "Daemon worker" [_thread_in_Java, id=7928, stack(0x000000001bec0000,0x000000001bfc0000)]
  0x0000000018c8c800 JavaThread "Cancel handler" [_thread_blocked, id=296, stack(0x000000001bbc0000,0x000000001bcc0000)]
  0x00000000199bd000 JavaThread "Handler for socket connection from /127.0.0.1:49948 to /127.0.0.1:49949" [_thread_in_native, id=5776, stack(0x000000001bac0000,0x000000001bbc0000)]
  0x0000000018b32800 JavaThread "Daemon" [_thread_blocked, id=10688, stack(0x000000001b9c0000,0x000000001bac0000)]
  0x0000000018bae000 JavaThread "Daemon periodic checks" [_thread_blocked, id=11428, stack(0x000000001b8c0000,0x000000001b9c0000)]
  0x000000001af02800 JavaThread "Incoming local TCP Connector on port 49948" [_thread_in_native, id=228, stack(0x000000001b680000,0x000000001b780000)]
  0x0000000018b48800 JavaThread "Service Thread" daemon [_thread_blocked, id=10404, stack(0x0000000019770000,0x0000000019870000)]
  0x0000000018ac3000 JavaThread "C1 CompilerThread3" daemon [_thread_in_native, id=8444, stack(0x0000000019670000,0x0000000019770000)]
  0x0000000016cae800 JavaThread "C2 CompilerThread2" daemon [_thread_in_native, id=11216, stack(0x0000000019570000,0x0000000019670000)]
=>0x0000000018aaf800 JavaThread "C2 CompilerThread1" daemon [_thread_in_native, id=2332, stack(0x0000000019470000,0x0000000019570000)]
  0x0000000018aad000 JavaThread "C2 CompilerThread0" daemon [_thread_in_vm, id=10552, stack(0x0000000019370000,0x0000000019470000)]
  0x0000000018ab6000 JavaThread "Attach Listener" daemon [_thread_blocked, id=12920, stack(0x0000000019270000,0x0000000019370000)]
  0x0000000018ab5000 JavaThread "Signal Dispatcher" daemon [_thread_blocked, id=12584, stack(0x0000000019170000,0x0000000019270000)]
  0x0000000002ebc800 JavaThread "Finalizer" daemon [_thread_blocked, id=10672, stack(0x0000000018f80000,0x0000000019080000)]
  0x0000000018aa0800 JavaThread "Reference Handler" daemon [_thread_blocked, id=13288, stack(0x0000000018e80000,0x0000000018f80000)]
  0x0000000002c5d800 JavaThread "main" [_thread_blocked, id=564, stack(0x0000000002ca0000,0x0000000002da0000)]

Other Threads:
  0x0000000016c96800 VMThread [stack: 0x0000000018980000,0x0000000018a80000] [id=9600]
  0x0000000018b49000 WatcherThread [stack: 0x0000000019870000,0x0000000019970000] [id=9132]

VM state:not at safepoint (normal execution)

VM Mutex/Monitor currently owned by a thread: None

heap address: 0x00000000a0000000, size: 1536 MB, Compressed Oops mode: 32-bit
Narrow klass base: 0x0000000000000000, Narrow klass shift: 3
Compressed class space size: 1073741824 Address: 0x0000000100000000

Heap:
 PSYoungGen      total 112128K, used 14542K [0x00000000e0000000, 0x00000000e9200000, 0x0000000100000000)
  eden space 99840K, 5% used [0x00000000e0000000,0x00000000e059b9a8,0x00000000e6180000)
  from space 12288K, 71% used [0x00000000e6180000,0x00000000e6a17f38,0x00000000e6d80000)
  to   space 12288K, 0% used [0x00000000e8600000,0x00000000e8600000,0x00000000e9200000)
 ParOldGen       total 81408K, used 20910K [0x00000000a0000000, 0x00000000a4f80000, 0x00000000e0000000)
  object space 81408K, 25% used [0x00000000a0000000,0x00000000a146b8c0,0x00000000a4f80000)
 Metaspace       used 50665K, capacity 51636K, committed 51928K, reserved 1093632K
  class space    used 6772K, capacity 7061K, committed 7168K, reserved 1048576K

Card table byte_map: [0x0000000012280000,0x0000000012590000] byte_map_base: 0x0000000011d80000

Marking Bits: (ParMarkBitMap*) 0x000000005e049f30
 Begin Bits: [0x0000000012f90000, 0x0000000014790000)
 End Bits:   [0x0000000014790000, 0x0000000015f90000)

Polling page: 0x00000000014b0000

CodeCache: size=245760Kb used=14078Kb max_used=14089Kb free=231681Kb
 bounds [0x0000000002ec0000, 0x0000000003ca0000, 0x0000000011ec0000]
 total_blobs=4906 nmethods=4129 adapters=691
 compilation: enabled

Compilation events (10 events):
Event: 28.303 Thread 0x0000000018ac3000 nmethod 4501 0x0000000003c84250 code [0x0000000003c843c0, 0x0000000003c84830]
Event: 28.303 Thread 0x0000000018ac3000 4502       3       com.sun.org.apache.xerces.internal.util.XMLAttributesImpl::isSpecified (10 bytes)
Event: 28.304 Thread 0x0000000018ac3000 nmethod 4502 0x0000000003c83e50 code [0x0000000003c83fa0, 0x0000000003c84130]
Event: 28.304 Thread 0x0000000018ac3000 4503       3       com.sun.org.apache.xerces.internal.dom.DeferredDocumentImpl::setDeferredAttribute (227 bytes)
Event: 28.304 Thread 0x0000000018ac3000 nmethod 4503 0x0000000003c7acd0 code [0x0000000003c7af00, 0x0000000003c7b828]
Event: 28.304 Thread 0x0000000018ac3000 4504       3       com.sun.org.apache.xerces.internal.dom.DeferredDocumentImpl::createDeferredAttribute (95 bytes)
Event: 28.305 Thread 0x0000000018ac3000 nmethod 4504 0x0000000003c837d0 code [0x0000000003c83980, 0x0000000003c83ce8]
Event: 28.305 Thread 0x0000000018ac3000 4508       3       com.sun.org.apache.xerces.internal.dom.DeferredDocumentImpl::appendChild (81 bytes)
Event: 28.305 Thread 0x0000000018ac3000 nmethod 4508 0x0000000003c8afd0 code [0x0000000003c8b160, 0x0000000003c8b4e8]
Event: 28.305 Thread 0x0000000018ac3000 4515       3       com.sun.org.apache.xerces.internal.parsers.AbstractDOMParser::startElement (876 bytes)

GC Heap History (10 events):
Event: 21.846 GC heap before
{Heap before GC invocations=11 (full 1):
 PSYoungGen      total 61952K, used 59722K [0x00000000e0000000, 0x00000000e5c80000, 0x0000000100000000)
  eden space 52224K, 100% used [0x00000000e0000000,0x00000000e3300000,0x00000000e3300000)
  from space 9728K, 77% used [0x00000000e3300000,0x00000000e3a52b18,0x00000000e3c80000)
  to   space 10240K, 0% used [0x00000000e5280000,0x00000000e5280000,0x00000000e5c80000)
 ParOldGen       total 53248K, used 7921K [0x00000000a0000000, 0x00000000a3400000, 0x00000000e0000000)
  object space 53248K, 14% used [0x00000000a0000000,0x00000000a07bc5e8,0x00000000a3400000)
 Metaspace       used 33655K, capacity 34188K, committed 34560K, reserved 1079296K
  class space    used 4644K, capacity 4819K, committed 4864K, reserved 1048576K
Event: 21.868 GC heap after
Heap after GC invocations=11 (full 1):
 PSYoungGen      total 82432K, used 7206K [0x00000000e0000000, 0x00000000e5b80000, 0x0000000100000000)
  eden space 73216K, 0% used [0x00000000e0000000,0x00000000e0000000,0x00000000e4780000)
  from space 9216K, 78% used [0x00000000e5280000,0x00000000e5989880,0x00000000e5b80000)
  to   space 10240K, 0% used [0x00000000e4780000,0x00000000e4780000,0x00000000e5180000)
 ParOldGen       total 53248K, used 10997K [0x00000000a0000000, 0x00000000a3400000, 0x00000000e0000000)
  object space 53248K, 20% used [0x00000000a0000000,0x00000000a0abd608,0x00000000a3400000)
 Metaspace       used 33655K, capacity 34188K, committed 34560K, reserved 1079296K
  class space    used 4644K, capacity 4819K, committed 4864K, reserved 1048576K
}
Event: 22.572 GC heap before
{Heap before GC invocations=12 (full 1):
 PSYoungGen      total 82432K, used 19288K [0x00000000e0000000, 0x00000000e5b80000, 0x0000000100000000)
  eden space 73216K, 16% used [0x00000000e0000000,0x00000000e0bccad8,0x00000000e4780000)
  from space 9216K, 78% used [0x00000000e5280000,0x00000000e5989880,0x00000000e5b80000)
  to   space 10240K, 0% used [0x00000000e4780000,0x00000000e4780000,0x00000000e5180000)
 ParOldGen       total 53248K, used 10997K [0x00000000a0000000, 0x00000000a3400000, 0x00000000e0000000)
  object space 53248K, 20% used [0x00000000a0000000,0x00000000a0abd608,0x00000000a3400000)
 Metaspace       used 34652K, capacity 35214K, committed 35416K, reserved 1079296K
  class space    used 4785K, capacity 4970K, committed 4992K, reserved 1048576K
Event: 22.581 GC heap after
Heap after GC invocations=12 (full 1):
 PSYoungGen      total 83456K, used 1527K [0x00000000e0000000, 0x00000000e7980000, 0x0000000100000000)
  eden space 73216K, 0% used [0x00000000e0000000,0x00000000e0000000,0x00000000e4780000)
  from space 10240K, 14% used [0x00000000e4780000,0x00000000e48fde10,0x00000000e5180000)
  to   space 10752K, 0% used [0x00000000e6f00000,0x00000000e6f00000,0x00000000e7980000)
 ParOldGen       total 53248K, used 15475K [0x00000000a0000000, 0x00000000a3400000, 0x00000000e0000000)
  object space 53248K, 29% used [0x00000000a0000000,0x00000000a0f1ce20,0x00000000a3400000)
 Metaspace       used 34652K, capacity 35214K, committed 35416K, reserved 1079296K
  class space    used 4785K, capacity 4970K, committed 4992K, reserved 1048576K
}
Event: 22.581 GC heap before
{Heap before GC invocations=13 (full 2):
 PSYoungGen      total 83456K, used 1527K [0x00000000e0000000, 0x00000000e7980000, 0x0000000100000000)
  eden space 73216K, 0% used [0x00000000e0000000,0x00000000e0000000,0x00000000e4780000)
  from space 10240K, 14% used [0x00000000e4780000,0x00000000e48fde10,0x00000000e5180000)
  to   space 10752K, 0% used [0x00000000e6f00000,0x00000000e6f00000,0x00000000e7980000)
 ParOldGen       total 53248K, used 15475K [0x00000000a0000000, 0x00000000a3400000, 0x00000000e0000000)
  object space 53248K, 29% used [0x00000000a0000000,0x00000000a0f1ce20,0x00000000a3400000)
 Metaspace       used 34652K, capacity 35214K, committed 35416K, reserved 1079296K
  class space    used 4785K, capacity 4970K, committed 4992K, reserved 1048576K
Event: 22.694 GC heap after
Heap after GC invocations=13 (full 2):
 PSYoungGen      total 83456K, used 0K [0x00000000e0000000, 0x00000000e7980000, 0x0000000100000000)
  eden space 73216K, 0% used [0x00000000e0000000,0x00000000e0000000,0x00000000e4780000)
  from space 10240K, 0% used [0x00000000e4780000,0x00000000e4780000,0x00000000e5180000)
  to   space 10752K, 0% used [0x00000000e6f00000,0x00000000e6f00000,0x00000000e7980000)
 ParOldGen       total 81408K, used 15713K [0x00000000a0000000, 0x00000000a4f80000, 0x00000000e0000000)
  object space 81408K, 19% used [0x00000000a0000000,0x00000000a0f58658,0x00000000a4f80000)
 Metaspace       used 34652K, capacity 35214K, committed 35416K, reserved 1079296K
  class space    used 4785K, capacity 4970K, committed 4992K, reserved 1048576K
}
Event: 25.556 GC heap before
{Heap before GC invocations=14 (full 2):
 PSYoungGen      total 83456K, used 73057K [0x00000000e0000000, 0x00000000e7980000, 0x0000000100000000)
  eden space 73216K, 99% used [0x00000000e0000000,0x00000000e47586d8,0x00000000e4780000)
  from space 10240K, 0% used [0x00000000e4780000,0x00000000e4780000,0x00000000e5180000)
  to   space 10752K, 0% used [0x00000000e6f00000,0x00000000e6f00000,0x00000000e7980000)
 ParOldGen       total 81408K, used 15713K [0x00000000a0000000, 0x00000000a4f80000, 0x00000000e0000000)
  object space 81408K, 19% used [0x00000000a0000000,0x00000000a0f58658,0x00000000a4f80000)
 Metaspace       used 42835K, capacity 43522K, committed 43864K, reserved 1087488K
  class space    used 5784K, capacity 5997K, committed 6016K, reserved 1048576K
Event: 25.572 GC heap after
Heap after GC invocations=14 (full 2):
 PSYoungGen      total 107008K, used 10730K [0x00000000e0000000, 0x00000000e7980000, 0x0000000100000000)
  eden space 96256K, 0% used [0x00000000e0000000,0x00000000e0000000,0x00000000e5e00000)
  from space 10752K, 99% used [0x00000000e6f00000,0x00000000e797abb8,0x00000000e7980000)
  to   space 12288K, 0% used [0x00000000e6180000,0x00000000e6180000,0x00000000e6d80000)
 ParOldGen       total 81408K, used 16292K [0x00000000a0000000, 0x00000000a4f80000, 0x00000000e0000000)
  object space 81408K, 20% used [0x00000000a0000000,0x00000000a0fe90b8,0x00000000a4f80000)
 Metaspace       used 42835K, capacity 43522K, committed 43864K, reserved 1087488K
  class space    used 5784K, capacity 5997K, committed 6016K, reserved 1048576K
}
Event: 28.111 GC heap before
{Heap before GC invocations=15 (full 2):
 PSYoungGen      total 107008K, used 106986K [0x00000000e0000000, 0x00000000e7980000, 0x0000000100000000)
  eden space 96256K, 100% used [0x00000000e0000000,0x00000000e5e00000,0x00000000e5e00000)
  from space 10752K, 99% used [0x00000000e6f00000,0x00000000e797abb8,0x00000000e7980000)
  to   space 12288K, 0% used [0x00000000e6180000,0x00000000e6180000,0x00000000e6d80000)
 ParOldGen       total 81408K, used 16292K [0x00000000a0000000, 0x00000000a4f80000, 0x00000000e0000000)
  object space 81408K, 20% used [0x00000000a0000000,0x00000000a0fe90b8,0x00000000a4f80000)
 Metaspace       used 50029K, capacity 50982K, committed 51288K, reserved 1093632K
  class space    used 6719K, capacity 6994K, committed 7040K, reserved 1048576K
Event: 28.126 GC heap after
Heap after GC invocations=15 (full 2):
 PSYoungGen      total 112128K, used 8799K [0x00000000e0000000, 0x00000000e9200000, 0x0000000100000000)
  eden space 99840K, 0% used [0x00000000e0000000,0x00000000e0000000,0x00000000e6180000)
  from space 12288K, 71% used [0x00000000e6180000,0x00000000e6a17f38,0x00000000e6d80000)
  to   space 12288K, 0% used [0x00000000e8600000,0x00000000e8600000,0x00000000e9200000)
 ParOldGen       total 81408K, used 20910K [0x00000000a0000000, 0x00000000a4f80000, 0x00000000e0000000)
  object space 81408K, 25% used [0x00000000a0000000,0x00000000a146b8c0,0x00000000a4f80000)
 Metaspace       used 50029K, capacity 50982K, committed 51288K, reserved 1093632K
  class space    used 6719K, capacity 6994K, committed 7040K, reserved 1048576K
}

Deoptimization events (10 events):
Event: 24.689 Thread 0x0000000018c91800 Uncommon trap: reason=unstable_if action=reinterpret pc=0x000000000345bc2c method=java.security.CodeSource.getCertificates()[Ljava/security/cert/Certificate; @ 22
Event: 24.690 Thread 0x0000000018c91800 Uncommon trap: reason=unstable_if action=reinterpret pc=0x000000000336a9c4 method=java.util.jar.JarFile.maybeInstantiateVerifier()V @ 4
Event: 24.690 Thread 0x0000000018c91800 Uncommon trap: reason=unstable_if action=reinterpret pc=0x000000000384653c method=java.security.CodeSource.matchCerts(Ljava/security/CodeSource;Z)Z @ 11
Event: 24.731 Thread 0x0000000018c91800 Uncommon trap: reason=unstable_if action=reinterpret pc=0x00000000038af3f4 method=java.util.LinkedHashMap.get(Ljava/lang/Object;)Ljava/lang/Object; @ 20
Event: 24.842 Thread 0x0000000018c91800 Uncommon trap: reason=unstable_if action=reinterpret pc=0x00000000036c80cc method=org.objectweb.asm.ByteVector.putUTF8(Ljava/lang/String;)Lorg/objectweb/asm/ByteVector; @ 93
Event: 27.195 Thread 0x0000000018c91800 Uncommon trap: reason=unstable_if action=reinterpret pc=0x0000000003509a6c method=sun.misc.MetaIndex.mayContain(Ljava/lang/String;)Z @ 38
Event: 27.281 Thread 0x0000000018c91800 Uncommon trap: reason=unstable_if action=reinterpret pc=0x0000000003485c64 method=java.io.DataInputStream.readUTF(Ljava/io/DataInput;)Ljava/lang/String; @ 31
Event: 27.697 Thread 0x0000000018c91800 Uncommon trap: reason=unstable_if action=reinterpret pc=0x0000000003478f14 method=java.util.WeakHashMap.remove(Ljava/lang/Object;)Ljava/lang/Object; @ 94
Event: 27.737 Thread 0x0000000018c91800 Uncommon trap: reason=unstable_if action=reinterpret pc=0x00000000034ad668 method=java.util.regex.Pattern$BmpCharProperty.match(Ljava/util/regex/Matcher;ILjava/lang/CharSequence;)Z @ 34
Event: 28.295 Thread 0x0000000018c91800 Uncommon trap: reason=unstable_if action=reinterpret pc=0x0000000003b88274 method=com.sun.org.apache.xerces.internal.impl.XMLEntityScanner.checkBeforeLoad(Lcom/sun/xml/internal/stream/Entity$ScannedEntity;II)I @ 18

Classes redefined (0 events):
No events

Internal exceptions (10 events):
Event: 28.211 Thread 0x0000000018c91800 Exception <a 'sun/nio/fs/WindowsException'> (0x00000000e0351518) thrown at [D:\src\AOSP-openjdk-cygwin\jdk8u\hotspot\src\share\vm\prims\jni.cpp, line 710]
Event: 28.211 Thread 0x0000000018c91800 Exception <a 'sun/nio/fs/WindowsException'> (0x00000000e03522d0) thrown at [D:\src\AOSP-openjdk-cygwin\jdk8u\hotspot\src\share\vm\prims\jni.cpp, line 710]
Event: 28.211 Thread 0x0000000018c91800 Exception <a 'sun/nio/fs/WindowsException'> (0x00000000e0355a88) thrown at [D:\src\AOSP-openjdk-cygwin\jdk8u\hotspot\src\share\vm\prims\jni.cpp, line 710]
Event: 28.212 Thread 0x0000000018c91800 Exception <a 'sun/nio/fs/WindowsException'> (0x00000000e0356728) thrown at [D:\src\AOSP-openjdk-cygwin\jdk8u\hotspot\src\share\vm\prims\jni.cpp, line 710]
Event: 28.212 Thread 0x0000000018c91800 Exception <a 'sun/nio/fs/WindowsException'> (0x00000000e03587e0) thrown at [D:\src\AOSP-openjdk-cygwin\jdk8u\hotspot\src\share\vm\prims\jni.cpp, line 710]
Event: 28.212 Thread 0x0000000018c91800 Exception <a 'sun/nio/fs/WindowsException'> (0x00000000e03594b8) thrown at [D:\src\AOSP-openjdk-cygwin\jdk8u\hotspot\src\share\vm\prims\jni.cpp, line 710]
Event: 28.212 Thread 0x0000000018c91800 Exception <a 'sun/nio/fs/WindowsException'> (0x00000000e035c368) thrown at [D:\src\AOSP-openjdk-cygwin\jdk8u\hotspot\src\share\vm\prims\jni.cpp, line 710]
Event: 28.212 Thread 0x0000000018c91800 Exception <a 'sun/nio/fs/WindowsException'> (0x00000000e035d0e0) thrown at [D:\src\AOSP-openjdk-cygwin\jdk8u\hotspot\src\share\vm\prims\jni.cpp, line 710]
Event: 28.212 Thread 0x0000000018c91800 Exception <a 'sun/nio/fs/WindowsException'> (0x00000000e035f260) thrown at [D:\src\AOSP-openjdk-cygwin\jdk8u\hotspot\src\share\vm\prims\jni.cpp, line 710]
Event: 28.212 Thread 0x0000000018c91800 Exception <a 'sun/nio/fs/WindowsException'> (0x00000000e0360018) thrown at [D:\src\AOSP-openjdk-cygwin\jdk8u\hotspot\src\share\vm\prims\jni.cpp, line 710]

Events (10 events):
Event: 28.287 loading class com/sun/org/apache/xerces/internal/dom/DocumentTypeImpl done
Event: 28.287 loading class com/sun/org/apache/xerces/internal/dom/ElementImpl
Event: 28.288 loading class com/sun/org/apache/xerces/internal/dom/ElementImpl done
Event: 28.288 loading class com/sun/org/apache/xerces/internal/dom/NodeListCache
Event: 28.288 loading class com/sun/org/apache/xerces/internal/dom/NodeListCache done
Event: 28.289 loading class com/sun/org/apache/xerces/internal/dom/DeferredDocumentImpl$RefCount
Event: 28.289 loading class com/sun/org/apache/xerces/internal/dom/DeferredDocumentImpl$RefCount done
Event: 28.295 Thread 0x0000000018c91800 Uncommon trap: trap_request=0xffffff65 fr.pc=0x0000000003b88274
Event: 28.295 Thread 0x0000000018c91800 DEOPT PACKING pc=0x0000000003b88274 sp=0x000000001bfb9b60
Event: 28.295 Thread 0x0000000018c91800 DEOPT UNPACKING pc=0x0000000002f0557b sp=0x000000001bfb9af8 mode 2


Dynamic libraries:
0x00007ff7bf690000 - 0x00007ff7bf6c1000 	C:\Program Files\Android\Android Studio\jre\bin\java.exe
0x00007ffa5b760000 - 0x00007ffa5b941000 	C:\WINDOWS\SYSTEM32\ntdll.dll
0x00007ffa5b580000 - 0x00007ffa5b631000 	C:\WINDOWS\System32\KERNEL32.DLL
0x00007ffa58540000 - 0x00007ffa587b3000 	C:\WINDOWS\System32\KERNELBASE.dll
0x00007ffa58e70000 - 0x00007ffa58f11000 	C:\WINDOWS\System32\ADVAPI32.dll
0x00007ffa5afb0000 - 0x00007ffa5b04e000 	C:\WINDOWS\System32\msvcrt.dll
0x00007ffa5b050000 - 0x00007ffa5b0ab000 	C:\WINDOWS\System32\sechost.dll
0x00007ffa58d40000 - 0x00007ffa58e64000 	C:\WINDOWS\System32\RPCRT4.dll
0x00007ffa5a870000 - 0x00007ffa5aa00000 	C:\WINDOWS\System32\USER32.dll
0x00007ffa58280000 - 0x00007ffa582a0000 	C:\WINDOWS\System32\win32u.dll
0x00007ffa5ad40000 - 0x00007ffa5ad68000 	C:\WINDOWS\System32\GDI32.dll
0x00007ffa582a0000 - 0x00007ffa58431000 	C:\WINDOWS\System32\gdi32full.dll
0x00007ffa58b40000 - 0x00007ffa58bdf000 	C:\WINDOWS\System32\msvcp_win.dll
0x00007ffa58440000 - 0x00007ffa58538000 	C:\WINDOWS\System32\ucrtbase.dll
0x00007ffa4ca80000 - 0x00007ffa4cce9000 	C:\WINDOWS\WinSxS\amd64_microsoft.windows.common-controls_6595b64144ccf1df_6.0.17134.1006_none_d3fbb8f77c940c3f\COMCTL32.dll
0x00007ffa5aa00000 - 0x00007ffa5ad21000 	C:\WINDOWS\System32\combase.dll
0x00007ffa58870000 - 0x00007ffa588e9000 	C:\WINDOWS\System32\bcryptPrimitives.dll
0x00007ffa59340000 - 0x00007ffa5936d000 	C:\WINDOWS\System32\IMM32.DLL
0x000000005d6c0000 - 0x000000005d792000 	C:\Program Files\Android\Android Studio\jre\jre\bin\msvcr100.dll
0x000000005d880000 - 0x000000005e0c6000 	C:\Program Files\Android\Android Studio\jre\jre\bin\server\jvm.dll
0x00007ffa5b510000 - 0x00007ffa5b518000 	C:\WINDOWS\System32\PSAPI.DLL
0x00007ffa54010000 - 0x00007ffa54033000 	C:\WINDOWS\SYSTEM32\WINMM.dll
0x00007ffa53fe0000 - 0x00007ffa5400a000 	C:\WINDOWS\SYSTEM32\WINMMBASE.dll
0x00007ffa58230000 - 0x00007ffa58279000 	C:\WINDOWS\System32\cfgmgr32.dll
0x00007ffa3da00000 - 0x00007ffa3da09000 	C:\WINDOWS\SYSTEM32\WSOCK32.dll
0x00007ffa59180000 - 0x00007ffa591ec000 	C:\WINDOWS\System32\WS2_32.dll
0x00007ffa51ac0000 - 0x00007ffa51aca000 	C:\WINDOWS\SYSTEM32\VERSION.dll
0x00007ffa36cf0000 - 0x00007ffa36cff000 	C:\Program Files\Android\Android Studio\jre\jre\bin\verify.dll
0x00007ffa30870000 - 0x00007ffa30899000 	C:\Program Files\Android\Android Studio\jre\jre\bin\java.dll
0x00007ffa2fc50000 - 0x00007ffa2fc66000 	C:\Program Files\Android\Android Studio\jre\jre\bin\zip.dll
0x00007ffa59420000 - 0x00007ffa5a862000 	C:\WINDOWS\System32\SHELL32.dll
0x00007ffa59370000 - 0x00007ffa59419000 	C:\WINDOWS\System32\shcore.dll
0x00007ffa57b20000 - 0x00007ffa5822e000 	C:\WINDOWS\System32\windows.storage.dll
0x00007ffa5add0000 - 0x00007ffa5ae21000 	C:\WINDOWS\System32\shlwapi.dll
0x00007ffa57af0000 - 0x00007ffa57b01000 	C:\WINDOWS\System32\kernel.appcore.dll
0x00007ffa57ad0000 - 0x00007ffa57aef000 	C:\WINDOWS\System32\profapi.dll
0x00007ffa57a60000 - 0x00007ffa57aac000 	C:\WINDOWS\System32\powrprof.dll
0x00007ffa57b10000 - 0x00007ffa57b1a000 	C:\WINDOWS\System32\FLTLIB.DLL
0x00007ffa2f640000 - 0x00007ffa2f65a000 	C:\Program Files\Android\Android Studio\jre\jre\bin\net.dll
0x00007ffa56f80000 - 0x00007ffa56fe6000 	C:\WINDOWS\system32\mswsock.dll
0x00007ffa2dea0000 - 0x00007ffa2deb1000 	C:\Program Files\Android\Android Studio\jre\jre\bin\nio.dll
0x00007ffa2cb80000 - 0x00007ffa2cb9e000 	C:\Users\Pooja\.gradle\native\25\windows-amd64\native-platform.dll
0x00007ffa30930000 - 0x00007ffa3093d000 	C:\Program Files\Android\Android Studio\jre\jre\bin\management.dll
0x00007ffa57780000 - 0x00007ffa57797000 	C:\WINDOWS\SYSTEM32\CRYPTSP.dll
0x00007ffa56ad0000 - 0x00007ffa56b03000 	C:\WINDOWS\system32\rsaenh.dll
0x00007ffa57510000 - 0x00007ffa57535000 	C:\WINDOWS\SYSTEM32\bcrypt.dll
0x00007ffa57960000 - 0x00007ffa57988000 	C:\WINDOWS\SYSTEM32\USERENV.dll
0x00007ffa57130000 - 0x00007ffa5713b000 	C:\WINDOWS\SYSTEM32\CRYPTBASE.dll
0x00007ffa56cd0000 - 0x00007ffa56d08000 	C:\WINDOWS\SYSTEM32\IPHLPAPI.DLL
0x00007ffa5b0b0000 - 0x00007ffa5b0b8000 	C:\WINDOWS\System32\NSI.dll
0x00007ffa502c0000 - 0x00007ffa502d6000 	C:\WINDOWS\SYSTEM32\dhcpcsvc6.DLL
0x00007ffa50560000 - 0x00007ffa5057a000 	C:\WINDOWS\SYSTEM32\dhcpcsvc.DLL
0x00007ffa575b0000 - 0x00007ffa57779000 	C:\WINDOWS\SYSTEM32\dbghelp.dll

VM Arguments:
jvm_args: -Xmx1536m -Dfile.encoding=windows-1252 -Duser.country=IN -Duser.language=en -Duser.variant 
java_command: org.gradle.launcher.daemon.bootstrap.GradleDaemon 5.1.1
java_class_path (initial): C:\Users\Pooja\.gradle\wrapper\dists\gradle-5.1.1-all\97z1ksx6lirer3kbvdnh7jtjg\gradle-5.1.1\lib\gradle-launcher-5.1.1.jar
Launcher Type: SUN_STANDARD

Environment Variables:
PATH=C:\WINDOWS\system32;C:\WINDOWS;C:\WINDOWS\System32\Wbem;C:\WINDOWS\System32\WindowsPowerShell\v1.0\;C:\Program Files\Git\cmd;C:\WINDOWS\System32\OpenSSH\;C:\Users\Pooja\AppData\Local\Microsoft\WindowsApps;
USERNAME=Pooja
OS=Windows_NT
PROCESSOR_IDENTIFIER=AMD64 Family 23 Model 17 Stepping 0, AuthenticAMD



---------------  S Y S T E M  ---------------

OS: Windows 10.0 , 64 bit Build 17134 (10.0.17134.753)

CPU:total 8 (initial active 8) (8 cores per cpu, 1 threads per core) family 23 model 17 stepping 0, cmov, cx8, fxsr, mmx, sse, sse2, sse3, ssse3, sse4.1, sse4.2, popcnt, avx, avx2, aes, clmul, mmxext, 3dnowpref, lzcnt, sse4a, tsc, tscinvbit, tscinv, bmi1

Memory: 4k page, physical 8016248k(3389468k free), swap 9785720k(4455732k free)

vm_info: OpenJDK 64-Bit Server VM (25.202-b03) for windows-amd64 JRE (1.8.0_202-release-1483-b03), built by "builder" with MS VC++ 10.0 (VS2010)

time: Sat Sep 14 13:00:10 2019
timezone: India Standard Time
elapsed time: 28 seconds (0d 0h 0m 28s)

